<?xml version="1.0" encoding="UTF-8"?>
<!-- Generated by org.testng.reporters.JUnitXMLReporter -->
<testsuite ignored="0" hostname="Ramana" failures="0" tests="4" name="ParaBankTests" time="28.301" errors="0" timestamp="2026-06-15T13:24:23 IST">
  <testcase classname="testcases.RegisterTest" name="verifyRegistrationAndLogin" time="3.339"/>
  <testcase classname="testcases.TransferFundsTest" name="verifyTransferFunds" time="8.866"/>
  <testcase classname="testcases.BillPayTest" name="verifyBillPayment" time="4.37"/>
  <testcase classname="testcases.DemoTest" name="test" time="0.001"/>
</testsuite> <!-- ParaBankTests -->
