<?xml version="1.0" encoding="UTF-8"?>
<!-- Generated by org.testng.reporters.JUnitXMLReporter -->
<testsuite ignored="0" hostname="NITHIN" failures="0" tests="4" name="Default test" time="27.649" errors="0" timestamp="2026-06-09T10:19:54 IST">
  <testcase classname="testcases.RegisterTest" name="verifyRegistrationAndLogin" time="3.916"/>
  <testcase classname="testcases.TransferFundsTest" name="verifyTransferFunds" time="9.937"/>
  <testcase classname="testcases.DemoTest" name="test" time="0.001"/>
  <testcase classname="testcases.BillPayTest" name="verifyBillPayment" time="5.403"/>
</testsuite> <!-- Default test -->
