<?xml version="1.0" encoding="UTF-8"?>
<testng-results ignored="0" total="4" passed="4" failed="0" skipped="0">
  <reporter-output>
  </reporter-output>
  <suite started-at="2026-06-15T13:23:55 IST" name="ParaBankSuite" finished-at="2026-06-15T13:24:23 IST" duration-ms="28301">
    <groups>
    </groups>
    <test started-at="2026-06-15T13:23:55 IST" name="ParaBankTests" finished-at="2026-06-15T13:24:23 IST" duration-ms="28301">
      <class name="testcases.RegisterTest">
        <test-method is-config="true" signature="setup()[pri:0, instance:testcases.RegisterTest@38425407]" started-at="2026-06-15T13:23:55 IST" name="setup" finished-at="2026-06-15T13:24:02 IST" duration-ms="6525" status="PASS">
          <reporter-output>
          </reporter-output>
        </test-method> <!-- setup -->
        <test-method signature="verifyRegistrationAndLogin()[pri:0, instance:testcases.RegisterTest@38425407]" started-at="2026-06-15T13:24:02 IST" name="verifyRegistrationAndLogin" finished-at="2026-06-15T13:24:05 IST" duration-ms="3339" status="PASS">
          <reporter-output>
          </reporter-output>
        </test-method> <!-- verifyRegistrationAndLogin -->
        <test-method is-config="true" signature="tearDown()[pri:0, instance:testcases.RegisterTest@38425407]" started-at="2026-06-15T13:24:05 IST" name="tearDown" finished-at="2026-06-15T13:24:05 IST" duration-ms="143" status="PASS">
          <reporter-output>
          </reporter-output>
        </test-method> <!-- tearDown -->
      </class> <!-- testcases.RegisterTest -->
      <class name="testcases.DemoTest">
        <test-method signature="test()[pri:0, instance:testcases.DemoTest@49438269]" started-at="2026-06-15T13:24:23 IST" name="test" finished-at="2026-06-15T13:24:23 IST" duration-ms="1" status="PASS">
          <reporter-output>
          </reporter-output>
        </test-method> <!-- test -->
      </class> <!-- testcases.DemoTest -->
      <class name="testcases.TransferFundsTest">
        <test-method is-config="true" signature="setup()[pri:0, instance:testcases.TransferFundsTest@2cd76f31]" started-at="2026-06-15T13:24:05 IST" name="setup" finished-at="2026-06-15T13:24:08 IST" duration-ms="2363" status="PASS">
          <reporter-output>
          </reporter-output>
        </test-method> <!-- setup -->
        <test-method signature="verifyTransferFunds()[pri:0, instance:testcases.TransferFundsTest@2cd76f31]" started-at="2026-06-15T13:24:08 IST" name="verifyTransferFunds" finished-at="2026-06-15T13:24:16 IST" duration-ms="8866" status="PASS">
          <reporter-output>
          </reporter-output>
        </test-method> <!-- verifyTransferFunds -->
        <test-method is-config="true" signature="tearDown()[pri:0, instance:testcases.TransferFundsTest@2cd76f31]" started-at="2026-06-15T13:24:16 IST" name="tearDown" finished-at="2026-06-15T13:24:17 IST" duration-ms="170" status="PASS">
          <reporter-output>
          </reporter-output>
        </test-method> <!-- tearDown -->
      </class> <!-- testcases.TransferFundsTest -->
      <class name="testcases.BillPayTest">
        <test-method is-config="true" signature="setup()[pri:0, instance:testcases.BillPayTest@367ffa75]" started-at="2026-06-15T13:24:17 IST" name="setup" finished-at="2026-06-15T13:24:19 IST" duration-ms="2341" status="PASS">
          <reporter-output>
          </reporter-output>
        </test-method> <!-- setup -->
        <test-method signature="verifyBillPayment()[pri:0, instance:testcases.BillPayTest@367ffa75]" started-at="2026-06-15T13:24:19 IST" name="verifyBillPayment" finished-at="2026-06-15T13:24:23 IST" duration-ms="4370" status="PASS">
          <reporter-output>
          </reporter-output>
        </test-method> <!-- verifyBillPayment -->
        <test-method is-config="true" signature="tearDown()[pri:0, instance:testcases.BillPayTest@367ffa75]" started-at="2026-06-15T13:24:23 IST" name="tearDown" finished-at="2026-06-15T13:24:23 IST" duration-ms="132" status="PASS">
          <reporter-output>
          </reporter-output>
        </test-method> <!-- tearDown -->
      </class> <!-- testcases.BillPayTest -->
    </test> <!-- ParaBankTests -->
  </suite> <!-- ParaBankSuite -->
</testng-results>
